This file contains any messages produced by compilers while
running configure, to aid debugging if configure makes a mistake.

It was created by libnice configure 0.1.13.1, which was
generated by GNU Autoconf 2.69.  Invocation command line was

  $ ./configure enable_compile_warnings=yes

## --------- ##
## Platform. ##
## --------- ##

hostname = Vinces-MacBook-Pro.local
uname -m = x86_64
uname -r = 14.5.0
uname -s = Darwin
uname -v = Darwin Kernel Version 14.5.0: Tue Sep  1 21:23:09 PDT 2015; root:xnu-2782.50.1~1/RELEASE_X86_64

/usr/bin/uname -p = i386
/bin/uname -X     = unknown

/bin/arch              = unknown
/usr/bin/arch -k       = unknown
/usr/convex/getsysinfo = unknown
/usr/bin/hostinfo      = Mach kernel version:
	 Darwin Kernel Version 14.5.0: Tue Sep  1 21:23:09 PDT 2015; root:xnu-2782.50.1~1/RELEASE_X86_64
Kernel configured for up to 8 processors.
4 processors are physically available.
8 processors are logically available.
Processor type: x86_64h (Intel x86-64h Haswell)
Processors active: 0 1 2 3 4 5 6 7
Primary memory available: 8.00 gigabytes
Default processor set: 241 tasks, 1543 threads, 8 processors
Load average: 1.74, Mach factor: 6.24
/bin/machine           = unknown
/usr/bin/oslevel       = unknown
/bin/universe          = unknown

PATH: /usr/local/heroku/bin
PATH: bin
PATH: /opt/boxen/rbenv/shims
PATH: /opt/boxen/rbenv/bin
PATH: /opt/boxen/ruby-build/bin
PATH: /opt/boxen/phantomenv/shims
PATH: /opt/boxen/phantomenv/bin
PATH: node_modules/.bin
PATH: /opt/boxen/nodenv/shims
PATH: /opt/boxen/nodenv/bin
PATH: /opt/boxen/bin
PATH: /opt/boxen/homebrew/bin
PATH: /opt/boxen/homebrew/sbin
PATH: /usr/local/bin
PATH: /usr/bin
PATH: /bin
PATH: /usr/sbin
PATH: /sbin
PATH: /opt/X11/bin
PATH: /usr/local/bin
PATH: .
PATH: /usr/bin
PATH: /bin
PATH: /usr/sbin
PATH: /sbin
PATH: /usr/local/bin
PATH: .
PATH: /Users/vk/Development/sdk/platform_tools
PATH: /Users/vk/Development/sdk/platforms
PATH: /Users/vk/Development/sdk/tools
PATH: /Users/vk/Development/sdk/ndk-bundle/
PATH: /Users/vk/bin
PATH: /usr/local/bin


## ----------- ##
## Core tests. ##
## ----------- ##

configure:2431: checking build system type
configure:2445: result: x86_64-apple-darwin14.5.0
configure:2465: checking host system type
configure:2478: result: x86_64-apple-darwin14.5.0
configure:2498: checking target system type
configure:2511: result: x86_64-apple-darwin14.5.0
configure:2557: checking for a BSD-compatible install
configure:2625: result: /usr/bin/install -c
configure:2636: checking whether build environment is sane
configure:2691: result: yes
configure:2842: checking for a thread-safe mkdir -p
configure:2881: result: ./install-sh -c -d
configure:2888: checking for gawk
configure:2918: result: no
configure:2888: checking for mawk
configure:2918: result: no
configure:2888: checking for nawk
configure:2918: result: no
configure:2888: checking for awk
configure:2904: found /usr/bin/awk
configure:2915: result: awk
configure:2926: checking whether make sets $(MAKE)
configure:2948: result: yes
configure:2977: checking whether make supports nested variables
configure:2994: result: yes
configure:3149: checking whether make supports nested variables
configure:3166: result: yes
configure:3193: checking for style of include used by make
configure:3221: result: GNU
configure:3292: checking for gcc
configure:3308: found /usr/bin/gcc
configure:3319: result: gcc
configure:3548: checking for C compiler version
configure:3557: gcc --version >&5
Apple LLVM version 7.0.2 (clang-700.1.81)
Target: x86_64-apple-darwin14.5.0
Thread model: posix
Configured with: --prefix=/Applications/Xcode.app/Contents/Developer/usr --with-gxx-include-dir=/usr/include/c++/4.2.1
configure:3568: $? = 0
configure:3557: gcc -v >&5
Configured with: --prefix=/Applications/Xcode.app/Contents/Developer/usr --with-gxx-include-dir=/usr/include/c++/4.2.1
Apple LLVM version 7.0.2 (clang-700.1.81)
Target: x86_64-apple-darwin14.5.0
Thread model: posix
configure:3568: $? = 0
configure:3557: gcc -V >&5
clang: error: argument to '-V' is missing (expected 1 value)
clang: error: no input files
configure:3568: $? = 1
configure:3557: gcc -qversion >&5
clang: error: unknown argument: '-qversion'
clang: error: no input files
configure:3568: $? = 1
configure:3588: checking whether the C compiler works
configure:3610: gcc -I/opt/boxen/homebrew/include  -L/opt/boxen/homebrew/lib conftest.c  >&5
configure:3614: $? = 0
configure:3662: result: yes
configure:3665: checking for C compiler default output file name
configure:3667: result: a.out
configure:3673: checking for suffix of executables
configure:3680: gcc -o conftest -I/opt/boxen/homebrew/include  -L/opt/boxen/homebrew/lib conftest.c  >&5
configure:3684: $? = 0
configure:3706: result: 
configure:3728: checking whether we are cross compiling
configure:3736: gcc -o conftest -I/opt/boxen/homebrew/include  -L/opt/boxen/homebrew/lib conftest.c  >&5
configure:3740: $? = 0
configure:3747: ./conftest
configure:3751: $? = 0
configure:3766: result: no
configure:3771: checking for suffix of object files
configure:3793: gcc -c -I/opt/boxen/homebrew/include  conftest.c >&5
configure:3797: $? = 0
configure:3818: result: o
configure:3822: checking whether we are using the GNU C compiler
configure:3841: gcc -c -I/opt/boxen/homebrew/include  conftest.c >&5
configure:3841: $? = 0
configure:3850: result: yes
configure:3859: checking whether gcc accepts -g
configure:3879: gcc -c -g  conftest.c >&5
configure:3879: $? = 0
configure:3920: result: yes
configure:3937: checking for gcc option to accept ISO C89
configure:4000: gcc  -c -I/opt/boxen/homebrew/include  conftest.c >&5
configure:4000: $? = 0
configure:4013: result: none needed
configure:4038: checking whether gcc understands -c and -o together
configure:4060: gcc -c conftest.c -o conftest2.o
configure:4063: $? = 0
configure:4060: gcc -c conftest.c -o conftest2.o
configure:4063: $? = 0
configure:4075: result: yes
configure:4094: checking dependency style of gcc
configure:4205: result: gcc3
configure:4226: checking how to run the C preprocessor
configure:4257: gcc -E  conftest.c
configure:4257: $? = 0
configure:4271: gcc -E  conftest.c
conftest.c:11:10: fatal error: 'ac_nonexistent.h' file not found
#include <ac_nonexistent.h>
         ^
1 error generated.
configure:4271: $? = 1
configure: failed program was:
| /* confdefs.h */
| #define PACKAGE_NAME "libnice"
| #define PACKAGE_TARNAME "libnice"
| #define PACKAGE_VERSION "0.1.13.1"
| #define PACKAGE_STRING "libnice 0.1.13.1"
| #define PACKAGE_BUGREPORT ""
| #define PACKAGE_URL ""
| #define PACKAGE "libnice"
| #define VERSION "0.1.13.1"
| /* end confdefs.h.  */
| #include <ac_nonexistent.h>
configure:4296: result: gcc -E
configure:4316: gcc -E  conftest.c
configure:4316: $? = 0
configure:4330: gcc -E  conftest.c
conftest.c:11:10: fatal error: 'ac_nonexistent.h' file not found
#include <ac_nonexistent.h>
         ^
1 error generated.
configure:4330: $? = 1
configure: failed program was:
| /* confdefs.h */
| #define PACKAGE_NAME "libnice"
| #define PACKAGE_TARNAME "libnice"
| #define PACKAGE_VERSION "0.1.13.1"
| #define PACKAGE_STRING "libnice 0.1.13.1"
| #define PACKAGE_BUGREPORT ""
| #define PACKAGE_URL ""
| #define PACKAGE "libnice"
| #define VERSION "0.1.13.1"
| /* end confdefs.h.  */
| #include <ac_nonexistent.h>
configure:4359: checking for grep that handles long lines and -e
configure:4417: result: /usr/bin/grep
configure:4422: checking for egrep
configure:4484: result: /usr/bin/grep -E
configure:4489: checking for ANSI C header files
configure:4509: gcc -c -I/opt/boxen/homebrew/include  conftest.c >&5
configure:4509: $? = 0
configure:4582: gcc -o conftest -I/opt/boxen/homebrew/include  -L/opt/boxen/homebrew/lib conftest.c  >&5
configure:4582: $? = 0
configure:4582: ./conftest
configure:4582: $? = 0
configure:4593: result: yes
configure:4606: checking for sys/types.h
configure:4606: gcc -c -I/opt/boxen/homebrew/include  conftest.c >&5
configure:4606: $? = 0
configure:4606: result: yes
configure:4606: checking for sys/stat.h
configure:4606: gcc -c -I/opt/boxen/homebrew/include  conftest.c >&5
configure:4606: $? = 0
configure:4606: result: yes
configure:4606: checking for stdlib.h
configure:4606: gcc -c -I/opt/boxen/homebrew/include  conftest.c >&5
configure:4606: $? = 0
configure:4606: result: yes
configure:4606: checking for string.h
configure:4606: gcc -c -I/opt/boxen/homebrew/include  conftest.c >&5
configure:4606: $? = 0
configure:4606: result: yes
configure:4606: checking for memory.h
configure:4606: gcc -c -I/opt/boxen/homebrew/include  conftest.c >&5
configure:4606: $? = 0
configure:4606: result: yes
configure:4606: checking for strings.h
configure:4606: gcc -c -I/opt/boxen/homebrew/include  conftest.c >&5
configure:4606: $? = 0
configure:4606: result: yes
configure:4606: checking for inttypes.h
configure:4606: gcc -c -I/opt/boxen/homebrew/include  conftest.c >&5
configure:4606: $? = 0
configure:4606: result: yes
configure:4606: checking for stdint.h
configure:4606: gcc -c -I/opt/boxen/homebrew/include  conftest.c >&5
configure:4606: $? = 0
configure:4606: result: yes
configure:4606: checking for unistd.h
configure:4606: gcc -c -I/opt/boxen/homebrew/include  conftest.c >&5
configure:4606: $? = 0
configure:4606: result: yes
configure:4619: checking minix/config.h usability
configure:4619: gcc -c -I/opt/boxen/homebrew/include  conftest.c >&5
conftest.c:54:10: fatal error: 'minix/config.h' file not found
#include <minix/config.h>
         ^
1 error generated.
configure:4619: $? = 1
configure: failed program was:
| /* confdefs.h */
| #define PACKAGE_NAME "libnice"
| #define PACKAGE_TARNAME "libnice"
| #define PACKAGE_VERSION "0.1.13.1"
| #define PACKAGE_STRING "libnice 0.1.13.1"
| #define PACKAGE_BUGREPORT ""
| #define PACKAGE_URL ""
| #define PACKAGE "libnice"
| #define VERSION "0.1.13.1"
| #define STDC_HEADERS 1
| #define HAVE_SYS_TYPES_H 1
| #define HAVE_SYS_STAT_H 1
| #define HAVE_STDLIB_H 1
| #define HAVE_STRING_H 1
| #define HAVE_MEMORY_H 1
| #define HAVE_STRINGS_H 1
| #define HAVE_INTTYPES_H 1
| #define HAVE_STDINT_H 1
| #define HAVE_UNISTD_H 1
| /* end confdefs.h.  */
| #include <stdio.h>
| #ifdef HAVE_SYS_TYPES_H
| # include <sys/types.h>
| #endif
| #ifdef HAVE_SYS_STAT_H
| # include <sys/stat.h>
| #endif
| #ifdef STDC_HEADERS
| # include <stdlib.h>
| # include <stddef.h>
| #else
| # ifdef HAVE_STDLIB_H
| #  include <stdlib.h>
| # endif
| #endif
| #ifdef HAVE_STRING_H
| # if !defined STDC_HEADERS && defined HAVE_MEMORY_H
| #  include <memory.h>
| # endif
| # include <string.h>
| #endif
| #ifdef HAVE_STRINGS_H
| # include <strings.h>
| #endif
| #ifdef HAVE_INTTYPES_H
| # include <inttypes.h>
| #endif
| #ifdef HAVE_STDINT_H
| # include <stdint.h>
| #endif
| #ifdef HAVE_UNISTD_H
| # include <unistd.h>
| #endif
| #include <minix/config.h>
configure:4619: result: no
configure:4619: checking minix/config.h presence
configure:4619: gcc -E  conftest.c
conftest.c:21:10: fatal error: 'minix/config.h' file not found
#include <minix/config.h>
         ^
1 error generated.
configure:4619: $? = 1
configure: failed program was:
| /* confdefs.h */
| #define PACKAGE_NAME "libnice"
| #define PACKAGE_TARNAME "libnice"
| #define PACKAGE_VERSION "0.1.13.1"
| #define PACKAGE_STRING "libnice 0.1.13.1"
| #define PACKAGE_BUGREPORT ""
| #define PACKAGE_URL ""
| #define PACKAGE "libnice"
| #define VERSION "0.1.13.1"
| #define STDC_HEADERS 1
| #define HAVE_SYS_TYPES_H 1
| #define HAVE_SYS_STAT_H 1
| #define HAVE_STDLIB_H 1
| #define HAVE_STRING_H 1
| #define HAVE_MEMORY_H 1
| #define HAVE_STRINGS_H 1
| #define HAVE_INTTYPES_H 1
| #define HAVE_STDINT_H 1
| #define HAVE_UNISTD_H 1
| /* end confdefs.h.  */
| #include <minix/config.h>
configure:4619: result: no
configure:4619: checking for minix/config.h
configure:4619: result: no
configure:4640: checking whether it is safe to define __EXTENSIONS__
configure:4658: gcc -c -I/opt/boxen/homebrew/include  conftest.c >&5
configure:4658: $? = 0
configure:4665: result: yes
configure:4727: checking for gcc
configure:4754: result: gcc
configure:4983: checking for C compiler version
configure:4992: gcc --version >&5
Apple LLVM version 7.0.2 (clang-700.1.81)
Target: x86_64-apple-darwin14.5.0
Thread model: posix
Configured with: --prefix=/Applications/Xcode.app/Contents/Developer/usr --with-gxx-include-dir=/usr/include/c++/4.2.1
configure:5003: $? = 0
configure:4992: gcc -v >&5
Configured with: --prefix=/Applications/Xcode.app/Contents/Developer/usr --with-gxx-include-dir=/usr/include/c++/4.2.1
Apple LLVM version 7.0.2 (clang-700.1.81)
Target: x86_64-apple-darwin14.5.0
Thread model: posix
configure:5003: $? = 0
configure:4992: gcc -V >&5
clang: error: argument to '-V' is missing (expected 1 value)
clang: error: no input files
configure:5003: $? = 1
configure:4992: gcc -qversion >&5
clang: error: unknown argument: '-qversion'
clang: error: no input files
configure:5003: $? = 1
configure:5007: checking whether we are using the GNU C compiler
configure:5035: result: yes
configure:5044: checking whether gcc accepts -g
configure:5105: result: yes
configure:5122: checking for gcc option to accept ISO C89
configure:5198: result: none needed
configure:5223: checking whether gcc understands -c and -o together
configure:5260: result: yes
configure:5279: checking dependency style of gcc
configure:5390: result: gcc3
configure:5454: checking for ar
configure:5470: found /usr/bin/ar
configure:5481: result: ar
configure:5507: checking the archiver (ar) interface
configure:5523: gcc -c -I/opt/boxen/homebrew/include  conftest.c >&5
configure:5523: $? = 0
configure:5525: ar cru libconftest.a conftest.o >&5
configure:5528: $? = 0
configure:5556: result: ar
configure:5623: checking how to print strings
configure:5650: result: printf
configure:5671: checking for a sed that does not truncate output
configure:5735: result: /usr/bin/sed
configure:5753: checking for fgrep
configure:5815: result: /usr/bin/grep -F
configure:5850: checking for ld used by gcc
configure:5917: result: /Applications/Xcode.app/Contents/Developer/Toolchains/XcodeDefault.xctoolchain/usr/bin/ld
configure:5924: checking if the linker (/Applications/Xcode.app/Contents/Developer/Toolchains/XcodeDefault.xctoolchain/usr/bin/ld) is GNU ld
configure:5939: result: no
configure:5951: checking for BSD- or MS-compatible name lister (nm)
configure:6005: result: /usr/bin/nm
configure:6135: checking the name lister (/usr/bin/nm) interface
configure:6142: gcc -c -I/opt/boxen/homebrew/include  conftest.c >&5
configure:6145: /usr/bin/nm "conftest.o"
configure:6148: output
0000000000000000 S _some_variable
configure:6155: result: BSD nm
configure:6158: checking whether ln -s works
configure:6162: result: yes
configure:6170: checking the maximum length of command line arguments
configure:6301: result: 196608
configure:6349: checking how to convert x86_64-apple-darwin14.5.0 file names to x86_64-apple-darwin14.5.0 format
configure:6389: result: func_convert_file_noop
configure:6396: checking how to convert x86_64-apple-darwin14.5.0 file names to toolchain format
configure:6416: result: func_convert_file_noop
configure:6423: checking for /Applications/Xcode.app/Contents/Developer/Toolchains/XcodeDefault.xctoolchain/usr/bin/ld option to reload object files
configure:6430: result: -r
configure:6504: checking for objdump
configure:6534: result: no
configure:6560: checking how to recognize dependent libraries
configure:6760: result: pass_all
configure:6845: checking for dlltool
configure:6875: result: no
configure:6902: checking how to associate runtime and link libraries
configure:6929: result: printf %s\n
configure:7053: checking for archiver @FILE support
configure:7070: gcc -c -I/opt/boxen/homebrew/include  conftest.c >&5
configure:7070: $? = 0
configure:7073: ar cru libconftest.a @conftest.lst >&5
ar: @conftest.lst: No such file or directory
configure:7076: $? = 1
configure:7096: result: no
configure:7154: checking for strip
configure:7170: found /usr/bin/strip
configure:7181: result: strip
configure:7253: checking for ranlib
configure:7269: found /usr/bin/ranlib
configure:7280: result: ranlib
configure:7382: checking command to parse /usr/bin/nm output from gcc object
configure:7535: gcc -c -I/opt/boxen/homebrew/include  conftest.c >&5
configure:7538: $? = 0
configure:7542: /usr/bin/nm conftest.o \| sed -n -e 's/^.*[ ]\([BCDEGRST][BCDEGRST]*\)[ ][ ]*\([_A-Za-z][_A-Za-z0-9]*\)$/\1 \2 \2/p' | sed '/ __gnu_lto/d' \> conftest.nm
configure:7545: $? = 0
cannot find nm_test_var in conftest.nm
configure:7535: gcc -c -I/opt/boxen/homebrew/include  conftest.c >&5
configure:7538: $? = 0
configure:7542: /usr/bin/nm conftest.o \| sed -n -e 's/^.*[ ]\([BCDEGRST][BCDEGRST]*\)[ ][ ]*_\([_A-Za-z][_A-Za-z0-9]*\)$/\1 _\2 \2/p' | sed '/ __gnu_lto/d' \> conftest.nm
configure:7545: $? = 0
configure:7611: gcc -o conftest -I/opt/boxen/homebrew/include  -L/opt/boxen/homebrew/lib conftest.c conftstm.o >&5
configure:7614: $? = 0
configure:7652: result: ok
configure:7699: checking for sysroot
configure:7729: result: no
configure:7736: checking for a working dd
configure:7774: result: /bin/dd
configure:7778: checking how to truncate binary pipes
configure:7793: result: /bin/dd bs=4096 count=1
configure:8122: checking for mt
configure:8152: result: no
configure:8172: checking if : is a manifest tool
configure:8178: : '-?'
configure:8186: result: no
configure:8242: checking for dsymutil
configure:8258: found /usr/bin/dsymutil
configure:8269: result: dsymutil
configure:8334: checking for nmedit
configure:8350: found /usr/bin/nmedit
configure:8361: result: nmedit
configure:8426: checking for lipo
configure:8442: found /usr/bin/lipo
configure:8453: result: lipo
configure:8518: checking for otool
configure:8534: found /usr/bin/otool
configure:8545: result: otool
configure:8610: checking for otool64
configure:8640: result: no
configure:8685: checking for -single_module linker flag
gcc -I/opt/boxen/homebrew/include -L/opt/boxen/homebrew/lib -o libconftest.dylib -dynamiclib -Wl,-single_module conftest.c
configure:8718: result: yes
configure:8721: checking for -exported_symbols_list linker flag
configure:8741: gcc -o conftest -I/opt/boxen/homebrew/include  -L/opt/boxen/homebrew/lib -Wl,-exported_symbols_list,conftest.sym conftest.c  >&5
configure:8741: $? = 0
configure:8751: result: yes
configure:8754: checking for -force_load linker flag
gcc -I/opt/boxen/homebrew/include -c -o conftest.o conftest.c
ar cru libconftest.a conftest.o
ranlib libconftest.a
gcc -I/opt/boxen/homebrew/include -L/opt/boxen/homebrew/lib -o conftest conftest.c -Wl,-force_load,./libconftest.a
configure:8786: result: yes
configure:8860: checking for dlfcn.h
configure:8860: gcc -c -I/opt/boxen/homebrew/include  conftest.c >&5
configure:8860: $? = 0
configure:8860: result: yes
configure:9412: checking for objdir
configure:9427: result: .libs
configure:9691: checking if gcc supports -fno-rtti -fno-exceptions
configure:9709: gcc -c -I/opt/boxen/homebrew/include  -fno-rtti -fno-exceptions conftest.c >&5
configure:9713: $? = 0
configure:9726: result: yes
configure:10084: checking for gcc option to produce PIC
configure:10091: result: -fno-common -DPIC
configure:10099: checking if gcc PIC flag -fno-common -DPIC works
configure:10117: gcc -c -I/opt/boxen/homebrew/include  -fno-common -DPIC -DPIC conftest.c >&5
configure:10121: $? = 0
configure:10134: result: yes
configure:10163: checking if gcc static flag -static works
configure:10191: result: no
configure:10206: checking if gcc supports -c -o file.o
configure:10227: gcc -c -I/opt/boxen/homebrew/include  -o out/conftest2.o conftest.c >&5
configure:10231: $? = 0
configure:10253: result: yes
configure:10261: checking if gcc supports -c -o file.o
configure:10308: result: yes
configure:10341: checking whether the gcc linker (/Applications/Xcode.app/Contents/Developer/Toolchains/XcodeDefault.xctoolchain/usr/bin/ld) supports shared libraries
configure:11600: result: yes
configure:11840: checking dynamic linker characteristics
configure:12658: result: darwin14.5.0 dyld
configure:12780: checking how to hardcode library paths into programs
configure:12805: result: immediate
configure:12850: checking for dlopen in -ldl
configure:12875: gcc -o conftest -I/opt/boxen/homebrew/include  -L/opt/boxen/homebrew/lib conftest.c -ldl   >&5
configure:12875: $? = 0
configure:12884: result: yes
configure:13107: checking whether a program can dlopen itself
configure:13187: gcc -o conftest -I/opt/boxen/homebrew/include  -DHAVE_DLFCN_H -L/opt/boxen/homebrew/lib  conftest.c -ldl  >&5
configure:13190: $? = 0
configure:13208: result: yes
configure:13213: checking whether a statically linked program can dlopen itself
configure:13293: gcc -o conftest -I/opt/boxen/homebrew/include  -DHAVE_DLFCN_H -L/opt/boxen/homebrew/lib   conftest.c -ldl  >&5
configure:13296: $? = 0
configure:13314: result: yes
configure:13353: checking whether stripping libraries is possible
configure:13367: result: yes
configure:13393: checking if libtool supports shared libraries
configure:13395: result: yes
configure:13398: checking whether to build shared libraries
configure:13423: result: yes
configure:13426: checking whether to build static libraries
configure:13430: result: no
configure:13469: checking operating system
configure:13479: result: linux/other
configure:13495: checking for C/C++ restrict keyword
configure:13520: gcc -c -I/opt/boxen/homebrew/include  conftest.c >&5
configure:13520: $? = 0
configure:13528: result: __restrict
configure:13542: checking for variable-length arrays
configure:13558: gcc -c -I/opt/boxen/homebrew/include  conftest.c >&5
configure:13558: $? = 0
configure:13565: result: yes
configure:13574: checking whether to enable assertions
configure:13592: result: yes
configure:13595: checking for stdbool.h that conforms to C99
configure:13662: gcc -c -I/opt/boxen/homebrew/include  conftest.c >&5
conftest.c:79:24: warning: address of 's' will always evaluate to 'true' [-Wpointer-bool-conversion]
             bool e = &s;
                  ~    ^
conftest.c:83:23: warning: address of array 'a' will always evaluate to 'true' [-Wpointer-bool-conversion]
             return (!a + !b + !c + !d + !e + !f + !g + !h + !i + !!j + !k + !!l
                     ~^
conftest.c:83:28: warning: address of array 'b' will always evaluate to 'true' [-Wpointer-bool-conversion]
             return (!a + !b + !c + !d + !e + !f + !g + !h + !i + !!j + !k + !!l
                          ~^
conftest.c:83:33: warning: address of array 'c' will always evaluate to 'true' [-Wpointer-bool-conversion]
             return (!a + !b + !c + !d + !e + !f + !g + !h + !i + !!j + !k + !!l
                               ~^
conftest.c:83:38: warning: address of array 'd' will always evaluate to 'true' [-Wpointer-bool-conversion]
             return (!a + !b + !c + !d + !e + !f + !g + !h + !i + !!j + !k + !!l
                                    ~^
conftest.c:83:48: warning: address of array 'f' will always evaluate to 'true' [-Wpointer-bool-conversion]
             return (!a + !b + !c + !d + !e + !f + !g + !h + !i + !!j + !k + !!l
                                              ~^
conftest.c:83:53: warning: address of array 'g' will always evaluate to 'true' [-Wpointer-bool-conversion]
             return (!a + !b + !c + !d + !e + !f + !g + !h + !i + !!j + !k + !!l
                                                   ~^
conftest.c:83:58: warning: address of array 'h' will always evaluate to 'true' [-Wpointer-bool-conversion]
             return (!a + !b + !c + !d + !e + !f + !g + !h + !i + !!j + !k + !!l
                                                        ~^
conftest.c:83:63: warning: address of array 'i' will always evaluate to 'true' [-Wpointer-bool-conversion]
             return (!a + !b + !c + !d + !e + !f + !g + !h + !i + !!j + !k + !!l
                                                             ~^
conftest.c:84:30: warning: address of array 'n' will always evaluate to 'true' [-Wpointer-bool-conversion]
                            ~^
conftest.c:84:35: warning: address of array 'o' will always evaluate to 'true' [-Wpointer-bool-conversion]
                                 ~^
conftest.c:84:40: warning: address of array 'p' will always evaluate to 'true' [-Wpointer-bool-conversion]
                                      ~^
12 warnings generated.
configure:13662: $? = 0
configure:13669: result: yes
configure:13671: checking for _Bool
configure:13671: gcc -c -I/opt/boxen/homebrew/include  conftest.c >&5
configure:13671: $? = 0
configure:13671: gcc -c -I/opt/boxen/homebrew/include  conftest.c >&5
conftest.c:66:20: error: expected expression
if (sizeof ((_Bool)))
                   ^
1 error generated.
configure:13671: $? = 1
configure: failed program was:
| /* confdefs.h */
| #define PACKAGE_NAME "libnice"
| #define PACKAGE_TARNAME "libnice"
| #define PACKAGE_VERSION "0.1.13.1"
| #define PACKAGE_STRING "libnice 0.1.13.1"
| #define PACKAGE_BUGREPORT ""
| #define PACKAGE_URL ""
| #define PACKAGE "libnice"
| #define VERSION "0.1.13.1"
| #define STDC_HEADERS 1
| #define HAVE_SYS_TYPES_H 1
| #define HAVE_SYS_STAT_H 1
| #define HAVE_STDLIB_H 1
| #define HAVE_STRING_H 1
| #define HAVE_MEMORY_H 1
| #define HAVE_STRINGS_H 1
| #define HAVE_INTTYPES_H 1
| #define HAVE_STDINT_H 1
| #define HAVE_UNISTD_H 1
| #define __EXTENSIONS__ 1
| #define _ALL_SOURCE 1
| #define _GNU_SOURCE 1
| #define _POSIX_PTHREAD_SEMANTICS 1
| #define _TANDEM_SOURCE 1
| #define HAVE_DLFCN_H 1
| #define LT_OBJDIR ".libs/"
| #define restrict __restrict
| #define HAVE_C_VARARRAYS 1
| /* end confdefs.h.  */
| #include <stdio.h>
| #ifdef HAVE_SYS_TYPES_H
| # include <sys/types.h>
| #endif
| #ifdef HAVE_SYS_STAT_H
| # include <sys/stat.h>
| #endif
| #ifdef STDC_HEADERS
| # include <stdlib.h>
| # include <stddef.h>
| #else
| # ifdef HAVE_STDLIB_H
| #  include <stdlib.h>
| # endif
| #endif
| #ifdef HAVE_STRING_H
| # if !defined STDC_HEADERS && defined HAVE_MEMORY_H
| #  include <memory.h>
| # endif
| # include <string.h>
| #endif
| #ifdef HAVE_STRINGS_H
| # include <strings.h>
| #endif
| #ifdef HAVE_INTTYPES_H
| # include <inttypes.h>
| #endif
| #ifdef HAVE_STDINT_H
| # include <stdint.h>
| #endif
| #ifdef HAVE_UNISTD_H
| # include <unistd.h>
| #endif
| int
| main ()
| {
| if (sizeof ((_Bool)))
| 	    return 0;
|   ;
|   return 0;
| }
configure:13671: result: yes
configure:13695: checking arpa/inet.h usability
configure:13695: gcc -c -I/opt/boxen/homebrew/include  conftest.c >&5
configure:13695: $? = 0
configure:13695: result: yes
configure:13695: checking arpa/inet.h presence
configure:13695: gcc -E  conftest.c
configure:13695: $? = 0
configure:13695: result: yes
configure:13695: checking for arpa/inet.h
configure:13695: result: yes
configure:13695: checking net/in.h usability
configure:13695: gcc -c -I/opt/boxen/homebrew/include  conftest.c >&5
conftest.c:67:10: fatal error: 'net/in.h' file not found
#include <net/in.h>
         ^
1 error generated.
configure:13695: $? = 1
configure: failed program was:
| /* confdefs.h */
| #define PACKAGE_NAME "libnice"
| #define PACKAGE_TARNAME "libnice"
| #define PACKAGE_VERSION "0.1.13.1"
| #define PACKAGE_STRING "libnice 0.1.13.1"
| #define PACKAGE_BUGREPORT ""
| #define PACKAGE_URL ""
| #define PACKAGE "libnice"
| #define VERSION "0.1.13.1"
| #define STDC_HEADERS 1
| #define HAVE_SYS_TYPES_H 1
| #define HAVE_SYS_STAT_H 1
| #define HAVE_STDLIB_H 1
| #define HAVE_STRING_H 1
| #define HAVE_MEMORY_H 1
| #define HAVE_STRINGS_H 1
| #define HAVE_INTTYPES_H 1
| #define HAVE_STDINT_H 1
| #define HAVE_UNISTD_H 1
| #define __EXTENSIONS__ 1
| #define _ALL_SOURCE 1
| #define _GNU_SOURCE 1
| #define _POSIX_PTHREAD_SEMANTICS 1
| #define _TANDEM_SOURCE 1
| #define HAVE_DLFCN_H 1
| #define LT_OBJDIR ".libs/"
| #define restrict __restrict
| #define HAVE_C_VARARRAYS 1
| #define HAVE__BOOL 1
| #define HAVE_STDBOOL_H 1
| #define NICEAPI_EXPORT  
| #define HAVE_ARPA_INET_H 1
| /* end confdefs.h.  */
| #include <stdio.h>
| #ifdef HAVE_SYS_TYPES_H
| # include <sys/types.h>
| #endif
| #ifdef HAVE_SYS_STAT_H
| # include <sys/stat.h>
| #endif
| #ifdef STDC_HEADERS
| # include <stdlib.h>
| # include <stddef.h>
| #else
| # ifdef HAVE_STDLIB_H
| #  include <stdlib.h>
| # endif
| #endif
| #ifdef HAVE_STRING_H
| # if !defined STDC_HEADERS && defined HAVE_MEMORY_H
| #  include <memory.h>
| # endif
| # include <string.h>
| #endif
| #ifdef HAVE_STRINGS_H
| # include <strings.h>
| #endif
| #ifdef HAVE_INTTYPES_H
| # include <inttypes.h>
| #endif
| #ifdef HAVE_STDINT_H
| # include <stdint.h>
| #endif
| #ifdef HAVE_UNISTD_H
| # include <unistd.h>
| #endif
| #include <net/in.h>
configure:13695: result: no
configure:13695: checking net/in.h presence
configure:13695: gcc -E  conftest.c
conftest.c:34:10: fatal error: 'net/in.h' file not found
#include <net/in.h>
         ^
1 error generated.
configure:13695: $? = 1
configure: failed program was:
| /* confdefs.h */
| #define PACKAGE_NAME "libnice"
| #define PACKAGE_TARNAME "libnice"
| #define PACKAGE_VERSION "0.1.13.1"
| #define PACKAGE_STRING "libnice 0.1.13.1"
| #define PACKAGE_BUGREPORT ""
| #define PACKAGE_URL ""
| #define PACKAGE "libnice"
| #define VERSION "0.1.13.1"
| #define STDC_HEADERS 1
| #define HAVE_SYS_TYPES_H 1
| #define HAVE_SYS_STAT_H 1
| #define HAVE_STDLIB_H 1
| #define HAVE_STRING_H 1
| #define HAVE_MEMORY_H 1
| #define HAVE_STRINGS_H 1
| #define HAVE_INTTYPES_H 1
| #define HAVE_STDINT_H 1
| #define HAVE_UNISTD_H 1
| #define __EXTENSIONS__ 1
| #define _ALL_SOURCE 1
| #define _GNU_SOURCE 1
| #define _POSIX_PTHREAD_SEMANTICS 1
| #define _TANDEM_SOURCE 1
| #define HAVE_DLFCN_H 1
| #define LT_OBJDIR ".libs/"
| #define restrict __restrict
| #define HAVE_C_VARARRAYS 1
| #define HAVE__BOOL 1
| #define HAVE_STDBOOL_H 1
| #define NICEAPI_EXPORT  
| #define HAVE_ARPA_INET_H 1
| /* end confdefs.h.  */
| #include <net/in.h>
configure:13695: result: no
configure:13695: checking for net/in.h
configure:13695: result: no
configure:13695: checking netdb.h usability
configure:13695: gcc -c -I/opt/boxen/homebrew/include  conftest.c >&5
configure:13695: $? = 0
configure:13695: result: yes
configure:13695: checking netdb.h presence
configure:13695: gcc -E  conftest.c
configure:13695: $? = 0
configure:13695: result: yes
configure:13695: checking for netdb.h
configure:13695: result: yes
configure:13707: checking ifaddrs.h usability
configure:13707: gcc -c -I/opt/boxen/homebrew/include  conftest.c >&5
configure:13707: $? = 0
configure:13707: result: yes
configure:13707: checking ifaddrs.h presence
configure:13707: gcc -E  conftest.c
configure:13707: $? = 0
configure:13707: result: yes
configure:13707: checking for ifaddrs.h
configure:13707: result: yes
configure:13720: checking for size_t
configure:13720: gcc -c -I/opt/boxen/homebrew/include  conftest.c >&5
configure:13720: $? = 0
configure:13720: gcc -c -I/opt/boxen/homebrew/include  conftest.c >&5
conftest.c:73:21: error: expected expression
if (sizeof ((size_t)))
                    ^
1 error generated.
configure:13720: $? = 1
configure: failed program was:
| /* confdefs.h */
| #define PACKAGE_NAME "libnice"
| #define PACKAGE_TARNAME "libnice"
| #define PACKAGE_VERSION "0.1.13.1"
| #define PACKAGE_STRING "libnice 0.1.13.1"
| #define PACKAGE_BUGREPORT ""
| #define PACKAGE_URL ""
| #define PACKAGE "libnice"
| #define VERSION "0.1.13.1"
| #define STDC_HEADERS 1
| #define HAVE_SYS_TYPES_H 1
| #define HAVE_SYS_STAT_H 1
| #define HAVE_STDLIB_H 1
| #define HAVE_STRING_H 1
| #define HAVE_MEMORY_H 1
| #define HAVE_STRINGS_H 1
| #define HAVE_INTTYPES_H 1
| #define HAVE_STDINT_H 1
| #define HAVE_UNISTD_H 1
| #define __EXTENSIONS__ 1
| #define _ALL_SOURCE 1
| #define _GNU_SOURCE 1
| #define _POSIX_PTHREAD_SEMANTICS 1
| #define _TANDEM_SOURCE 1
| #define HAVE_DLFCN_H 1
| #define LT_OBJDIR ".libs/"
| #define restrict __restrict
| #define HAVE_C_VARARRAYS 1
| #define HAVE__BOOL 1
| #define HAVE_STDBOOL_H 1
| #define NICEAPI_EXPORT  
| #define HAVE_ARPA_INET_H 1
| #define HAVE_NETDB_H 1
| #define HAVE_IFADDRS_H 1
| #define HAVE_GETIFADDRS 1
| /* end confdefs.h.  */
| #include <stdio.h>
| #ifdef HAVE_SYS_TYPES_H
| # include <sys/types.h>
| #endif
| #ifdef HAVE_SYS_STAT_H
| # include <sys/stat.h>
| #endif
| #ifdef STDC_HEADERS
| # include <stdlib.h>
| # include <stddef.h>
| #else
| # ifdef HAVE_STDLIB_H
| #  include <stdlib.h>
| # endif
| #endif
| #ifdef HAVE_STRING_H
| # if !defined STDC_HEADERS && defined HAVE_MEMORY_H
| #  include <memory.h>
| # endif
| # include <string.h>
| #endif
| #ifdef HAVE_STRINGS_H
| # include <strings.h>
| #endif
| #ifdef HAVE_INTTYPES_H
| # include <inttypes.h>
| #endif
| #ifdef HAVE_STDINT_H
| # include <stdint.h>
| #endif
| #ifdef HAVE_UNISTD_H
| # include <unistd.h>
| #endif
| int
| main ()
| {
| if (sizeof ((size_t)))
| 	    return 0;
|   ;
|   return 0;
| }
configure:13720: result: yes
configure:13729: checking for ssize_t
configure:13729: gcc -c -I/opt/boxen/homebrew/include  conftest.c >&5
configure:13729: $? = 0
configure:13729: gcc -c -I/opt/boxen/homebrew/include  conftest.c >&5
conftest.c:74:22: error: expected expression
if (sizeof ((ssize_t)))
                     ^
1 error generated.
configure:13729: $? = 1
configure: failed program was:
| /* confdefs.h */
| #define PACKAGE_NAME "libnice"
| #define PACKAGE_TARNAME "libnice"
| #define PACKAGE_VERSION "0.1.13.1"
| #define PACKAGE_STRING "libnice 0.1.13.1"
| #define PACKAGE_BUGREPORT ""
| #define PACKAGE_URL ""
| #define PACKAGE "libnice"
| #define VERSION "0.1.13.1"
| #define STDC_HEADERS 1
| #define HAVE_SYS_TYPES_H 1
| #define HAVE_SYS_STAT_H 1
| #define HAVE_STDLIB_H 1
| #define HAVE_STRING_H 1
| #define HAVE_MEMORY_H 1
| #define HAVE_STRINGS_H 1
| #define HAVE_INTTYPES_H 1
| #define HAVE_STDINT_H 1
| #define HAVE_UNISTD_H 1
| #define __EXTENSIONS__ 1
| #define _ALL_SOURCE 1
| #define _GNU_SOURCE 1
| #define _POSIX_PTHREAD_SEMANTICS 1
| #define _TANDEM_SOURCE 1
| #define HAVE_DLFCN_H 1
| #define LT_OBJDIR ".libs/"
| #define restrict __restrict
| #define HAVE_C_VARARRAYS 1
| #define HAVE__BOOL 1
| #define HAVE_STDBOOL_H 1
| #define NICEAPI_EXPORT  
| #define HAVE_ARPA_INET_H 1
| #define HAVE_NETDB_H 1
| #define HAVE_IFADDRS_H 1
| #define HAVE_GETIFADDRS 1
| #define HAVE_SIZE_T 1
| /* end confdefs.h.  */
| #include <stdio.h>
| #ifdef HAVE_SYS_TYPES_H
| # include <sys/types.h>
| #endif
| #ifdef HAVE_SYS_STAT_H
| # include <sys/stat.h>
| #endif
| #ifdef STDC_HEADERS
| # include <stdlib.h>
| # include <stddef.h>
| #else
| # ifdef HAVE_STDLIB_H
| #  include <stdlib.h>
| # endif
| #endif
| #ifdef HAVE_STRING_H
| # if !defined STDC_HEADERS && defined HAVE_MEMORY_H
| #  include <memory.h>
| # endif
| # include <string.h>
| #endif
| #ifdef HAVE_STRINGS_H
| # include <strings.h>
| #endif
| #ifdef HAVE_INTTYPES_H
| # include <inttypes.h>
| #endif
| #ifdef HAVE_STDINT_H
| # include <stdint.h>
| #endif
| #ifdef HAVE_UNISTD_H
| # include <unistd.h>
| #endif
| int
| main ()
| {
| if (sizeof ((ssize_t)))
| 	    return 0;
|   ;
|   return 0;
| }
configure:13729: result: yes
configure:13760: checking to see if compiler understands -fno-strict-aliasing
configure:13777: gcc -c -I/opt/boxen/homebrew/include -fno-strict-aliasing  conftest.c >&5
configure:13777: $? = 0
configure:13792: result: yes
configure:13800: checking to see if compiler understands -Wall
configure:13817: gcc -c -I/opt/boxen/homebrew/include -Wall  conftest.c >&5
configure:13817: $? = 0
configure:13832: result: yes
configure:13842: checking to see if compiler understands -Wextra
configure:13859: gcc -c -I/opt/boxen/homebrew/include -Wextra  conftest.c >&5
configure:13859: $? = 0
configure:13874: result: yes
configure:13879: checking to see if compiler understands -Wundef
configure:13896: gcc -c -I/opt/boxen/homebrew/include -Wundef  conftest.c >&5
configure:13896: $? = 0
configure:13911: result: yes
configure:13916: checking to see if compiler understands -Wnested-externs
configure:13933: gcc -c -I/opt/boxen/homebrew/include -Wnested-externs  conftest.c >&5
configure:13933: $? = 0
configure:13948: result: yes
configure:13953: checking to see if compiler understands -Wwrite-strings
configure:13970: gcc -c -I/opt/boxen/homebrew/include -Wwrite-strings  conftest.c >&5
configure:13970: $? = 0
configure:13985: result: yes
configure:13990: checking to see if compiler understands -Wpointer-arith
configure:14007: gcc -c -I/opt/boxen/homebrew/include -Wpointer-arith  conftest.c >&5
configure:14007: $? = 0
configure:14022: result: yes
configure:14027: checking to see if compiler understands -Wmissing-declarations
configure:14044: gcc -c -I/opt/boxen/homebrew/include -Wmissing-declarations  conftest.c >&5
configure:14044: $? = 0
configure:14059: result: yes
configure:14064: checking to see if compiler understands -Wmissing-prototypes
configure:14081: gcc -c -I/opt/boxen/homebrew/include -Wmissing-prototypes  conftest.c >&5
configure:14081: $? = 0
configure:14096: result: yes
configure:14101: checking to see if compiler understands -Wstrict-prototypes
configure:14118: gcc -c -I/opt/boxen/homebrew/include -Wstrict-prototypes  conftest.c >&5
configure:14118: $? = 0
configure:14133: result: yes
configure:14138: checking to see if compiler understands -Wredundant-decls
configure:14155: gcc -c -I/opt/boxen/homebrew/include -Wredundant-decls  conftest.c >&5
configure:14155: $? = 0
configure:14170: result: yes
configure:14175: checking to see if compiler understands -Wno-unused-parameter
configure:14192: gcc -c -I/opt/boxen/homebrew/include -Wno-unused-parameter  conftest.c >&5
configure:14192: $? = 0
configure:14207: result: yes
configure:14212: checking to see if compiler understands -Wno-missing-field-initializers
configure:14229: gcc -c -I/opt/boxen/homebrew/include -Wno-missing-field-initializers  conftest.c >&5
configure:14229: $? = 0
configure:14244: result: yes
configure:14249: checking to see if compiler understands -Wdeclaration-after-statement
configure:14266: gcc -c -I/opt/boxen/homebrew/include -Wdeclaration-after-statement  conftest.c >&5
configure:14266: $? = 0
configure:14281: result: yes
configure:14286: checking to see if compiler understands -Wformat=2
configure:14303: gcc -c -I/opt/boxen/homebrew/include -Wformat=2  conftest.c >&5
configure:14303: $? = 0
configure:14318: result: yes
configure:14323: checking to see if compiler understands -Wold-style-definition
configure:14340: gcc -c -I/opt/boxen/homebrew/include -Wold-style-definition  conftest.c >&5
configure:14340: $? = 0
configure:14355: result: yes
configure:14360: checking to see if compiler understands -Wcast-align
configure:14377: gcc -c -I/opt/boxen/homebrew/include -Wcast-align  conftest.c >&5
configure:14377: $? = 0
configure:14392: result: yes
configure:14397: checking to see if compiler understands -Wformat-nonliteral
configure:14414: gcc -c -I/opt/boxen/homebrew/include -Wformat-nonliteral  conftest.c >&5
configure:14414: $? = 0
configure:14429: result: yes
configure:14434: checking to see if compiler understands -Wformat-security
configure:14451: gcc -c -I/opt/boxen/homebrew/include -Wformat-security  conftest.c >&5
configure:14451: $? = 0
configure:14466: result: yes
configure:14477: checking to see if compiler understands -Wsign-compare
configure:14494: gcc -c -I/opt/boxen/homebrew/include -Wsign-compare  conftest.c >&5
configure:14494: $? = 0
configure:14509: result: yes
configure:14514: checking to see if compiler understands -Wstrict-aliasing
configure:14531: gcc -c -I/opt/boxen/homebrew/include -Wstrict-aliasing  conftest.c >&5
configure:14531: $? = 0
configure:14546: result: yes
configure:14551: checking to see if compiler understands -Wshadow
configure:14568: gcc -c -I/opt/boxen/homebrew/include -Wshadow  conftest.c >&5
configure:14568: $? = 0
configure:14583: result: yes
configure:14588: checking to see if compiler understands -Winline
configure:14605: gcc -c -I/opt/boxen/homebrew/include -Winline  conftest.c >&5
configure:14605: $? = 0
configure:14620: result: yes
configure:14625: checking to see if compiler understands -Wpacked
configure:14642: gcc -c -I/opt/boxen/homebrew/include -Wpacked  conftest.c >&5
configure:14642: $? = 0
configure:14657: result: yes
configure:14662: checking to see if compiler understands -Wmissing-format-attribute
configure:14679: gcc -c -I/opt/boxen/homebrew/include -Wmissing-format-attribute  conftest.c >&5
configure:14679: $? = 0
configure:14694: result: yes
configure:14699: checking to see if compiler understands -Wmissing-noreturn
configure:14716: gcc -c -I/opt/boxen/homebrew/include -Wmissing-noreturn  conftest.c >&5
configure:14716: $? = 0
configure:14731: result: yes
configure:14736: checking to see if compiler understands -Winit-self
configure:14753: gcc -c -I/opt/boxen/homebrew/include -Winit-self  conftest.c >&5
configure:14753: $? = 0
configure:14768: result: yes
configure:14773: checking to see if compiler understands -Wredundant-decls
configure:14790: gcc -c -I/opt/boxen/homebrew/include -Wredundant-decls  conftest.c >&5
configure:14790: $? = 0
configure:14805: result: yes
configure:14810: checking to see if compiler understands -Wmissing-include-dirs
configure:14827: gcc -c -I/opt/boxen/homebrew/include -Wmissing-include-dirs  conftest.c >&5
configure:14827: $? = 0
configure:14842: result: yes
configure:14847: checking to see if compiler understands -Wunused-but-set-variable
configure:14864: gcc -c -I/opt/boxen/homebrew/include -Wunused-but-set-variable  conftest.c >&5
warning: unknown warning option '-Wunused-but-set-variable'; did you mean '-Wunused-const-variable'? [-Wunknown-warning-option]
1 warning generated.
configure:14864: $? = 0
configure:14879: result: yes
configure:14884: checking to see if compiler understands -Warray-bounds
configure:14901: gcc -c -I/opt/boxen/homebrew/include -Warray-bounds  conftest.c >&5
configure:14901: $? = 0
configure:14916: result: yes
configure:15120: checking for library containing inet_pton
configure:15151: gcc -o conftest -I/opt/boxen/homebrew/include  -L/opt/boxen/homebrew/lib conftest.c  >&5
configure:15151: $? = 0
configure:15168: result: none required
configure:15176: checking for library containing socket
configure:15207: gcc -o conftest -I/opt/boxen/homebrew/include  -L/opt/boxen/homebrew/lib conftest.c  >&5
configure:15207: $? = 0
configure:15224: result: none required
configure:15244: set LIBNICE_CFLAGS to -DGLIB_VERSION_MIN_REQUIRED=GLIB_VERSION_2_44 -DGLIB_VERSION_MAX_ALLOWED=GLIB_VERSION_2_44 -fno-strict-aliasing -Wall -Wextra -Wundef -Wnested-externs -Wwrite-strings -Wpointer-arith -Wmissing-declarations -Wmissing-prototypes -Wstrict-prototypes -Wredundant-decls -Wno-unused-parameter -Wno-missing-field-initializers -Wdeclaration-after-statement -Wformat=2 -Wold-style-definition -Wcast-align -Wformat-nonliteral -Wformat-security -Wsign-compare -Wstrict-aliasing -Wshadow -Winline -Wpacked -Wmissing-format-attribute -Wmissing-noreturn -Winit-self -Wredundant-decls -Wmissing-include-dirs -Wunused-but-set-variable -Warray-bounds
configure:15248: checking for clock_gettime in -lrt
configure:15273: gcc -o conftest -I/opt/boxen/homebrew/include  -L/opt/boxen/homebrew/lib conftest.c -lrt   >&5
ld: library not found for -lrt
clang: error: linker command failed with exit code 1 (use -v to see invocation)
configure:15273: $? = 1
configure: failed program was:
| /* confdefs.h */
| #define PACKAGE_NAME "libnice"
| #define PACKAGE_TARNAME "libnice"
| #define PACKAGE_VERSION "0.1.13.1"
| #define PACKAGE_STRING "libnice 0.1.13.1"
| #define PACKAGE_BUGREPORT ""
| #define PACKAGE_URL ""
| #define PACKAGE "libnice"
| #define VERSION "0.1.13.1"
| #define STDC_HEADERS 1
| #define HAVE_SYS_TYPES_H 1
| #define HAVE_SYS_STAT_H 1
| #define HAVE_STDLIB_H 1
| #define HAVE_STRING_H 1
| #define HAVE_MEMORY_H 1
| #define HAVE_STRINGS_H 1
| #define HAVE_INTTYPES_H 1
| #define HAVE_STDINT_H 1
| #define HAVE_UNISTD_H 1
| #define __EXTENSIONS__ 1
| #define _ALL_SOURCE 1
| #define _GNU_SOURCE 1
| #define _POSIX_PTHREAD_SEMANTICS 1
| #define _TANDEM_SOURCE 1
| #define HAVE_DLFCN_H 1
| #define LT_OBJDIR ".libs/"
| #define restrict __restrict
| #define HAVE_C_VARARRAYS 1
| #define HAVE__BOOL 1
| #define HAVE_STDBOOL_H 1
| #define NICEAPI_EXPORT  
| #define HAVE_ARPA_INET_H 1
| #define HAVE_NETDB_H 1
| #define HAVE_IFADDRS_H 1
| #define HAVE_GETIFADDRS 1
| #define HAVE_SIZE_T 1
| #define HAVE_SSIZE_T 1
| /* end confdefs.h.  */
| 
| /* Override any GCC internal prototype to avoid an error.
|    Use char because int might match the return type of a GCC
|    builtin and then its argument prototype would still apply.  */
| #ifdef __cplusplus
| extern "C"
| #endif
| char clock_gettime ();
| int
| main ()
| {
| return clock_gettime ();
|   ;
|   return 0;
| }
configure:15282: result: no
configure:15292: checking for poll
configure:15292: gcc -o conftest -I/opt/boxen/homebrew/include  -L/opt/boxen/homebrew/lib conftest.c  >&5
configure:15292: $? = 0
configure:15292: result: yes
configure:15365: checking for pkg-config
configure:15383: found /opt/boxen/homebrew/bin/pkg-config
configure:15395: result: /opt/boxen/homebrew/bin/pkg-config
configure:15420: checking pkg-config is at least version 0.9.0
configure:15423: result: yes
configure:15433: checking for GLIB
configure:15440: $PKG_CONFIG --exists --print-errors "$NICE_PACKAGES"
configure:15443: $? = 0
configure:15457: $PKG_CONFIG --exists --print-errors "$NICE_PACKAGES"
configure:15460: $? = 0
configure:15518: result: yes
configure:15546: checking for GST
configure:15556: $PKG_CONFIG --exists --print-errors "
		gstreamer-1.0 >= 0.11.91
		gstreamer-base-1.0 >= 0.11.91
		"
configure:15562: $? = 0
configure:15582: $PKG_CONFIG --exists --print-errors "
		gstreamer-1.0 >= 0.11.91
		gstreamer-base-1.0 >= 0.11.91
		"
configure:15588: $? = 0
configure:15651: result: yes
configure:15662: checking for GST_CHECK
configure:15671: $PKG_CONFIG --exists --print-errors "
		gstreamer-check-1.0 >= 0.11.91
		"
configure:15676: $? = 0
configure:15694: $PKG_CONFIG --exists --print-errors "
		gstreamer-check-1.0 >= 0.11.91
		"
configure:15699: $? = 0
configure:15747: result: yes
configure:15761: checking for GST010
configure:15771: $PKG_CONFIG --exists --print-errors "
		gstreamer-0.10 >= 0.10.10
		gstreamer-base-0.10 >= 0.10.10
		"
Package gstreamer-0.10 was not found in the pkg-config search path.
Perhaps you should add the directory containing `gstreamer-0.10.pc'
to the PKG_CONFIG_PATH environment variable
No package 'gstreamer-0.10' found
Package gstreamer-base-0.10 was not found in the pkg-config search path.
Perhaps you should add the directory containing `gstreamer-base-0.10.pc'
to the PKG_CONFIG_PATH environment variable
No package 'gstreamer-base-0.10' found
configure:15777: $? = 1
configure:15797: $PKG_CONFIG --exists --print-errors "
		gstreamer-0.10 >= 0.10.10
		gstreamer-base-0.10 >= 0.10.10
		"
Package gstreamer-0.10 was not found in the pkg-config search path.
Perhaps you should add the directory containing `gstreamer-0.10.pc'
to the PKG_CONFIG_PATH environment variable
No package 'gstreamer-0.10' found
Package gstreamer-base-0.10 was not found in the pkg-config search path.
Perhaps you should add the directory containing `gstreamer-base-0.10.pc'
to the PKG_CONFIG_PATH environment variable
No package 'gstreamer-base-0.10' found
configure:15803: $? = 1
configure:15820: result: no
No package 'gstreamer-0.10' found
No package 'gstreamer-base-0.10' found
configure:15927: checking for GUPNP
configure:15934: $PKG_CONFIG --exists --print-errors "$GUPNP_PACKAGES"
Package gupnp-igd-1.0 was not found in the pkg-config search path.
Perhaps you should add the directory containing `gupnp-igd-1.0.pc'
to the PKG_CONFIG_PATH environment variable
No package 'gupnp-igd-1.0' found
configure:15937: $? = 1
configure:15951: $PKG_CONFIG --exists --print-errors "$GUPNP_PACKAGES"
Package gupnp-igd-1.0 was not found in the pkg-config search path.
Perhaps you should add the directory containing `gupnp-igd-1.0.pc'
to the PKG_CONFIG_PATH environment variable
No package 'gupnp-igd-1.0' found
configure:15954: $? = 1
configure:15968: result: no
No package 'gupnp-igd-1.0' found
configure:16035: checking whether to build static plugins or not
configure:16051: result: no
configure:16081: checking for gtk-doc
configure:16084: $PKG_CONFIG --exists --print-errors "$gtk_doc_requires"
configure:16087: $? = 0
configure:16093: result: yes
configure:16107: checking for gtkdoc-check
configure:16123: found /opt/boxen/homebrew/bin/gtkdoc-check
configure:16134: result: gtkdoc-check.test
configure:16144: checking for gtkdoc-check
configure:16162: found /opt/boxen/homebrew/bin/gtkdoc-check
configure:16174: result: /opt/boxen/homebrew/bin/gtkdoc-check
configure:16186: checking for gtkdoc-rebase
configure:16204: found /opt/boxen/homebrew/bin/gtkdoc-rebase
configure:16216: result: /opt/boxen/homebrew/bin/gtkdoc-rebase
configure:16230: checking for gtkdoc-mkpdf
configure:16248: found /opt/boxen/homebrew/bin/gtkdoc-mkpdf
configure:16260: result: /opt/boxen/homebrew/bin/gtkdoc-mkpdf
configure:16288: checking whether to build gtk-doc documentation
configure:16290: result: no
configure:16303: checking for GTKDOC_DEPS
configure:16310: $PKG_CONFIG --exists --print-errors "glib-2.0 >= 2.10.0 gobject-2.0  >= 2.10.0"
configure:16313: $? = 0
configure:16327: $PKG_CONFIG --exists --print-errors "glib-2.0 >= 2.10.0 gobject-2.0  >= 2.10.0"
configure:16330: $? = 0
configure:16368: result: yes
configure:16461: checking for gobject-introspection
configure:16492: $PKG_CONFIG --exists --print-errors "gobject-introspection-1.0 >= 1.30.0"
configure:16495: $? = 0
configure:16507: result: yes
configure:16656: checking that generated files are newer than configure
configure:16662: result: done
configure:16737: creating ./config.status

## ---------------------- ##
## Running config.status. ##
## ---------------------- ##

This file was extended by libnice config.status 0.1.13.1, which was
generated by GNU Autoconf 2.69.  Invocation command line was

  CONFIG_FILES    = 
  CONFIG_HEADERS  = 
  CONFIG_LINKS    = 
  CONFIG_COMMANDS = 
  $ ./config.status 

on Vinces-MacBook-Pro.local

config.status:1198: creating Makefile
config.status:1198: creating agent/Makefile
config.status:1198: creating stun/Makefile
config.status:1198: creating stun/tests/Makefile
config.status:1198: creating stun/tools/Makefile
config.status:1198: creating socket/Makefile
config.status:1198: creating nice/Makefile
config.status:1198: creating nice/nice.pc
config.status:1198: creating random/Makefile
config.status:1198: creating gst/Makefile
config.status:1198: creating docs/Makefile
config.status:1198: creating docs/reference/Makefile
config.status:1198: creating docs/reference/libnice/Makefile
config.status:1198: creating tests/Makefile
config.status:1198: creating examples/Makefile
config.status:1198: creating config.h
config.status:1379: config.h is unchanged
config.status:1427: executing depfiles commands
config.status:1427: executing libtool commands

## ---------------- ##
## Cache variables. ##
## ---------------- ##

ac_cv_build=x86_64-apple-darwin14.5.0
ac_cv_c_compiler_gnu=yes
ac_cv_c_restrict=__restrict
ac_cv_c_vararrays=yes
ac_cv_env_CC_set=
ac_cv_env_CC_value=
ac_cv_env_CFLAGS_set=set
ac_cv_env_CFLAGS_value=-I/opt/boxen/homebrew/include
ac_cv_env_CPPFLAGS_set=
ac_cv_env_CPPFLAGS_value=
ac_cv_env_CPP_set=
ac_cv_env_CPP_value=
ac_cv_env_GLIB_CFLAGS_set=
ac_cv_env_GLIB_CFLAGS_value=
ac_cv_env_GLIB_LIBS_set=
ac_cv_env_GLIB_LIBS_value=
ac_cv_env_GST010_CFLAGS_set=
ac_cv_env_GST010_CFLAGS_value=
ac_cv_env_GST010_LIBS_set=
ac_cv_env_GST010_LIBS_value=
ac_cv_env_GST_CFLAGS_set=
ac_cv_env_GST_CFLAGS_value=
ac_cv_env_GST_CHECK_CFLAGS_set=
ac_cv_env_GST_CHECK_CFLAGS_value=
ac_cv_env_GST_CHECK_LIBS_set=
ac_cv_env_GST_CHECK_LIBS_value=
ac_cv_env_GST_LIBS_set=
ac_cv_env_GST_LIBS_value=
ac_cv_env_GTKDOC_DEPS_CFLAGS_set=
ac_cv_env_GTKDOC_DEPS_CFLAGS_value=
ac_cv_env_GTKDOC_DEPS_LIBS_set=
ac_cv_env_GTKDOC_DEPS_LIBS_value=
ac_cv_env_GUPNP_CFLAGS_set=
ac_cv_env_GUPNP_CFLAGS_value=
ac_cv_env_GUPNP_LIBS_set=
ac_cv_env_GUPNP_LIBS_value=
ac_cv_env_LDFLAGS_set=set
ac_cv_env_LDFLAGS_value=-L/opt/boxen/homebrew/lib
ac_cv_env_LIBS_set=
ac_cv_env_LIBS_value=
ac_cv_env_LT_SYS_LIBRARY_PATH_set=
ac_cv_env_LT_SYS_LIBRARY_PATH_value=
ac_cv_env_PKG_CONFIG_LIBDIR_set=
ac_cv_env_PKG_CONFIG_LIBDIR_value=
ac_cv_env_PKG_CONFIG_PATH_set=set
ac_cv_env_PKG_CONFIG_PATH_value=/opt/boxen/homebrew/Cellar/libffi/3.0.13/lib/pkgconfig
ac_cv_env_PKG_CONFIG_set=
ac_cv_env_PKG_CONFIG_value=
ac_cv_env_build_alias_set=
ac_cv_env_build_alias_value=
ac_cv_env_host_alias_set=
ac_cv_env_host_alias_value=
ac_cv_env_target_alias_set=
ac_cv_env_target_alias_value=
ac_cv_func_poll=yes
ac_cv_header_arpa_inet_h=yes
ac_cv_header_dlfcn_h=yes
ac_cv_header_ifaddrs_h=yes
ac_cv_header_inttypes_h=yes
ac_cv_header_memory_h=yes
ac_cv_header_minix_config_h=no
ac_cv_header_net_in_h=no
ac_cv_header_netdb_h=yes
ac_cv_header_stdbool_h=yes
ac_cv_header_stdc=yes
ac_cv_header_stdint_h=yes
ac_cv_header_stdlib_h=yes
ac_cv_header_string_h=yes
ac_cv_header_strings_h=yes
ac_cv_header_sys_stat_h=yes
ac_cv_header_sys_types_h=yes
ac_cv_header_unistd_h=yes
ac_cv_host=x86_64-apple-darwin14.5.0
ac_cv_lib_dl_dlopen=yes
ac_cv_lib_rt_clock_gettime=no
ac_cv_objext=o
ac_cv_path_EGREP='/usr/bin/grep -E'
ac_cv_path_FGREP='/usr/bin/grep -F'
ac_cv_path_GREP=/usr/bin/grep
ac_cv_path_GTKDOC_CHECK_PATH=/opt/boxen/homebrew/bin/gtkdoc-check
ac_cv_path_GTKDOC_MKPDF=/opt/boxen/homebrew/bin/gtkdoc-mkpdf
ac_cv_path_GTKDOC_REBASE=/opt/boxen/homebrew/bin/gtkdoc-rebase
ac_cv_path_SED=/usr/bin/sed
ac_cv_path_ac_pt_PKG_CONFIG=/opt/boxen/homebrew/bin/pkg-config
ac_cv_path_install='/usr/bin/install -c'
ac_cv_path_lt_DD=/bin/dd
ac_cv_prog_AWK=awk
ac_cv_prog_CPP='gcc -E'
ac_cv_prog_GTKDOC_CHECK=gtkdoc-check.test
ac_cv_prog_ac_ct_AR=ar
ac_cv_prog_ac_ct_CC=gcc
ac_cv_prog_ac_ct_DSYMUTIL=dsymutil
ac_cv_prog_ac_ct_LIPO=lipo
ac_cv_prog_ac_ct_NMEDIT=nmedit
ac_cv_prog_ac_ct_OTOOL=otool
ac_cv_prog_ac_ct_RANLIB=ranlib
ac_cv_prog_ac_ct_STRIP=strip
ac_cv_prog_cc_c89=
ac_cv_prog_cc_g=yes
ac_cv_prog_make_make_set=yes
ac_cv_safe_to_define___extensions__=yes
ac_cv_search_inet_pton='none required'
ac_cv_search_socket='none required'
ac_cv_target=x86_64-apple-darwin14.5.0
ac_cv_type__Bool=yes
ac_cv_type_size_t=yes
ac_cv_type_ssize_t=yes
am_cv_CC_dependencies_compiler_type=gcc3
am_cv_ar_interface=ar
am_cv_make_support_nested_variables=yes
am_cv_prog_cc_c_o=yes
lt_cv_apple_cc_single_mod=yes
lt_cv_ar_at_file=no
lt_cv_deplibs_check_method=pass_all
lt_cv_dlopen=dlopen
lt_cv_dlopen_libs=-ldl
lt_cv_dlopen_self=yes
lt_cv_dlopen_self_static=yes
lt_cv_file_magic_cmd='$MAGIC_CMD'
lt_cv_file_magic_test_file=
lt_cv_ld_exported_symbols_list=yes
lt_cv_ld_force_load=yes
lt_cv_ld_reload_flag=-r
lt_cv_nm_interface='BSD nm'
lt_cv_objdir=.libs
lt_cv_path_LD=/Applications/Xcode.app/Contents/Developer/Toolchains/XcodeDefault.xctoolchain/usr/bin/ld
lt_cv_path_NM=/usr/bin/nm
lt_cv_path_mainfest_tool=no
lt_cv_prog_compiler_c_o=yes
lt_cv_prog_compiler_pic='-fno-common -DPIC'
lt_cv_prog_compiler_pic_works=yes
lt_cv_prog_compiler_rtti_exceptions=yes
lt_cv_prog_compiler_static_works=no
lt_cv_prog_gnu_ld=no
lt_cv_sharedlib_from_linklib_cmd='printf %s\n'
lt_cv_sys_global_symbol_pipe='sed -n -e '\''s/^.*[	 ]\([BCDEGRST][BCDEGRST]*\)[	 ][	 ]*_\([_A-Za-z][_A-Za-z0-9]*\)$/\1 _\2 \2/p'\'' | sed '\''/ __gnu_lto/d'\'''
lt_cv_sys_global_symbol_to_c_name_address='sed -n -e '\''s/^: \(.*\) .*$/  {"\1", (void *) 0},/p'\'' -e '\''s/^[BCDEGRST][BCDEGRST]* .* \(.*\)$/  {"\1", (void *) \&\1},/p'\'''
lt_cv_sys_global_symbol_to_c_name_address_lib_prefix='sed -n -e '\''s/^: \(.*\) .*$/  {"\1", (void *) 0},/p'\'' -e '\''s/^[BCDEGRST][BCDEGRST]* .* \(lib.*\)$/  {"\1", (void *) \&\1},/p'\'' -e '\''s/^[BCDEGRST][BCDEGRST]* .* \(.*\)$/  {"lib\1", (void *) \&\1},/p'\'''
lt_cv_sys_global_symbol_to_cdecl='sed -n -e '\''s/^T .* \(.*\)$/extern int \1();/p'\'' -e '\''s/^[BCDEGRST][BCDEGRST]* .* \(.*\)$/extern char \1;/p'\'''
lt_cv_sys_global_symbol_to_import=
lt_cv_sys_max_cmd_len=196608
lt_cv_to_host_file_cmd=func_convert_file_noop
lt_cv_to_tool_file_cmd=func_convert_file_noop
lt_cv_truncate_bin='/bin/dd bs=4096 count=1'
pkg_cv_GLIB_CFLAGS='-D_REENTRANT -I/opt/boxen/homebrew/Cellar/glib/2.46.2/include/glib-2.0 -I/opt/boxen/homebrew/Cellar/glib/2.46.2/lib/glib-2.0/include -I/opt/boxen/homebrew/opt/gettext/include'
pkg_cv_GLIB_LIBS='-L/opt/boxen/homebrew/Cellar/glib/2.46.2/lib -L/opt/boxen/homebrew/opt/gettext/lib -lgio-2.0 -lgobject-2.0 -lgthread-2.0 -lglib-2.0 -lintl'
pkg_cv_GST_CFLAGS='-D_REENTRANT -I/opt/boxen/homebrew/Cellar/gstreamer/1.6.3/include/gstreamer-1.0 -I/opt/boxen/homebrew/Cellar/gstreamer/1.6.3/lib/gstreamer-1.0/include -I/opt/boxen/homebrew/Cellar/glib/2.46.2/include/glib-2.0 -I/opt/boxen/homebrew/Cellar/glib/2.46.2/lib/glib-2.0/include -I/opt/boxen/homebrew/opt/gettext/include'
pkg_cv_GST_CHECK_CFLAGS='-D_REENTRANT -I/opt/boxen/homebrew/Cellar/gstreamer/1.6.3/include/gstreamer-1.0 -I/opt/boxen/homebrew/Cellar/gstreamer/1.6.3/lib/gstreamer-1.0/include -I/opt/boxen/homebrew/Cellar/glib/2.46.2/include/glib-2.0 -I/opt/boxen/homebrew/Cellar/glib/2.46.2/lib/glib-2.0/include -I/opt/boxen/homebrew/opt/gettext/include'
pkg_cv_GST_CHECK_LIBS='-L/opt/boxen/homebrew/Cellar/gstreamer/1.6.3/lib -L/opt/boxen/homebrew/Cellar/glib/2.46.2/lib -L/opt/boxen/homebrew/opt/gettext/lib -lgstcheck-1.0 -lgstreamer-1.0 -lgobject-2.0 -lglib-2.0 -lintl'
pkg_cv_GST_LIBS='-L/opt/boxen/homebrew/Cellar/gstreamer/1.6.3/lib -L/opt/boxen/homebrew/Cellar/glib/2.46.2/lib -L/opt/boxen/homebrew/opt/gettext/lib -lgstbase-1.0 -lgstreamer-1.0 -lgobject-2.0 -lglib-2.0 -lintl'
pkg_cv_GTKDOC_DEPS_CFLAGS='-I/opt/boxen/homebrew/Cellar/glib/2.46.2/include/glib-2.0 -I/opt/boxen/homebrew/Cellar/glib/2.46.2/lib/glib-2.0/include -I/opt/boxen/homebrew/opt/gettext/include'
pkg_cv_GTKDOC_DEPS_LIBS='-L/opt/boxen/homebrew/Cellar/glib/2.46.2/lib -L/opt/boxen/homebrew/opt/gettext/lib -lgobject-2.0 -lglib-2.0 -lintl'

## ----------------- ##
## Output variables. ##
## ----------------- ##

ACLOCAL='${SHELL} /Users/vk/dt/MyApplication/app/src/main/jni/libnice/missing aclocal-1.15'
AMDEPBACKSLASH='\'
AMDEP_FALSE='#'
AMDEP_TRUE=''
AMTAR='$${TAR-tar}'
AM_BACKSLASH='\'
AM_DEFAULT_V='$(AM_DEFAULT_VERBOSITY)'
AM_DEFAULT_VERBOSITY='0'
AM_V='$(V)'
AR='ar'
AS='as'
AUTOCONF='${SHELL} /Users/vk/dt/MyApplication/app/src/main/jni/libnice/missing autoconf'
AUTOHEADER='${SHELL} /Users/vk/dt/MyApplication/app/src/main/jni/libnice/missing autoheader'
AUTOMAKE='${SHELL} /Users/vk/dt/MyApplication/app/src/main/jni/libnice/missing automake-1.15'
AWK='awk'
CC='gcc'
CCACHE_DISABLE=''
CCDEPMODE='depmode=gcc3'
CFLAGS='-I/opt/boxen/homebrew/include'
CPP='gcc -E'
CPPFLAGS=''
CYGPATH_W='echo'
DEFS='-DHAVE_CONFIG_H'
DEPDIR='.deps'
DLLTOOL='false'
DSYMUTIL='dsymutil'
DUMPBIN=''
ECHO_C='\c'
ECHO_N=''
ECHO_T=''
EGREP='/usr/bin/grep -E'
ENABLE_GTK_DOC_FALSE=''
ENABLE_GTK_DOC_TRUE='#'
EXEEXT=''
FGREP='/usr/bin/grep -F'
GLIB_CFLAGS='-D_REENTRANT -I/opt/boxen/homebrew/Cellar/glib/2.46.2/include/glib-2.0 -I/opt/boxen/homebrew/Cellar/glib/2.46.2/lib/glib-2.0/include -I/opt/boxen/homebrew/opt/gettext/include'
GLIB_LIBS='-L/opt/boxen/homebrew/Cellar/glib/2.46.2/lib -L/opt/boxen/homebrew/opt/gettext/lib -lgio-2.0 -lgobject-2.0 -lgthread-2.0 -lglib-2.0 -lintl'
GREP='/usr/bin/grep'
GST010_CFLAGS=''
GST010_LIBS=''
GST_CFLAGS='-D_REENTRANT -I/opt/boxen/homebrew/Cellar/gstreamer/1.6.3/include/gstreamer-1.0 -I/opt/boxen/homebrew/Cellar/gstreamer/1.6.3/lib/gstreamer-1.0/include -I/opt/boxen/homebrew/Cellar/glib/2.46.2/include/glib-2.0 -I/opt/boxen/homebrew/Cellar/glib/2.46.2/lib/glib-2.0/include -I/opt/boxen/homebrew/opt/gettext/include'
GST_CHECK_CFLAGS='-D_REENTRANT -I/opt/boxen/homebrew/Cellar/gstreamer/1.6.3/include/gstreamer-1.0 -I/opt/boxen/homebrew/Cellar/gstreamer/1.6.3/lib/gstreamer-1.0/include -I/opt/boxen/homebrew/Cellar/glib/2.46.2/include/glib-2.0 -I/opt/boxen/homebrew/Cellar/glib/2.46.2/lib/glib-2.0/include -I/opt/boxen/homebrew/opt/gettext/include'
GST_CHECK_LIBS='-L/opt/boxen/homebrew/Cellar/gstreamer/1.6.3/lib -L/opt/boxen/homebrew/Cellar/glib/2.46.2/lib -L/opt/boxen/homebrew/opt/gettext/lib -lgstcheck-1.0 -lgstreamer-1.0 -lgobject-2.0 -lglib-2.0 -lintl'
GST_LIBS='-L/opt/boxen/homebrew/Cellar/gstreamer/1.6.3/lib -L/opt/boxen/homebrew/Cellar/glib/2.46.2/lib -L/opt/boxen/homebrew/opt/gettext/lib -lgstbase-1.0 -lgstreamer-1.0 -lgobject-2.0 -lglib-2.0 -lintl'
GST_PLUGIN_BUILD_STATIC_FALSE=''
GST_PLUGIN_BUILD_STATIC_TRUE='#'
GTKDOC_CHECK='gtkdoc-check.test'
GTKDOC_CHECK_PATH='/opt/boxen/homebrew/bin/gtkdoc-check'
GTKDOC_DEPS_CFLAGS='-I/opt/boxen/homebrew/Cellar/glib/2.46.2/include/glib-2.0 -I/opt/boxen/homebrew/Cellar/glib/2.46.2/lib/glib-2.0/include -I/opt/boxen/homebrew/opt/gettext/include'
GTKDOC_DEPS_LIBS='-L/opt/boxen/homebrew/Cellar/glib/2.46.2/lib -L/opt/boxen/homebrew/opt/gettext/lib -lgobject-2.0 -lglib-2.0 -lintl'
GTKDOC_MKPDF='/opt/boxen/homebrew/bin/gtkdoc-mkpdf'
GTKDOC_REBASE='/opt/boxen/homebrew/bin/gtkdoc-rebase'
GTK_DOC_BUILD_HTML_FALSE='#'
GTK_DOC_BUILD_HTML_TRUE=''
GTK_DOC_BUILD_PDF_FALSE=''
GTK_DOC_BUILD_PDF_TRUE='#'
GTK_DOC_USE_LIBTOOL_FALSE='#'
GTK_DOC_USE_LIBTOOL_TRUE=''
GTK_DOC_USE_REBASE_FALSE='#'
GTK_DOC_USE_REBASE_TRUE=''
GUPNP_CFLAGS=''
GUPNP_LIBS=''
GUPNP_PACKAGES=''
GUPNP_PACKAGES_PRIVATE=''
GUPNP_PACKAGES_PUBLIC=''
HAVE_GST_CHECK_FALSE='#'
HAVE_GST_CHECK_TRUE=''
HAVE_GTK_DOC_FALSE='#'
HAVE_GTK_DOC_TRUE=''
HAVE_GUPNP='no'
HAVE_INTROSPECTION_FALSE='#'
HAVE_INTROSPECTION_TRUE=''
HTML_DIR='${datadir}/gtk-doc/html'
INSTALL_DATA='${INSTALL} -m 644'
INSTALL_PROGRAM='${INSTALL}'
INSTALL_SCRIPT='${INSTALL}'
INSTALL_STRIP_PROGRAM='$(install_sh) -c -s'
INTROSPECTION_CFLAGS='-D_REENTRANT -I/opt/boxen/homebrew/Cellar/libffi/3.0.13/lib/libffi-3.0.13/include -I/opt/boxen/homebrew/Cellar/gobject-introspection/1.46.0_1/include/gobject-introspection-1.0 -I/opt/boxen/homebrew/Cellar/glib/2.46.2/include/glib-2.0 -I/opt/boxen/homebrew/Cellar/glib/2.46.2/lib/glib-2.0/include -I/opt/boxen/homebrew/opt/gettext/include'
INTROSPECTION_COMPILER='/opt/boxen/homebrew/Cellar/gobject-introspection/1.46.0_1/bin/g-ir-compiler'
INTROSPECTION_GENERATE='/opt/boxen/homebrew/Cellar/gobject-introspection/1.46.0_1/bin/g-ir-generate'
INTROSPECTION_GIRDIR='/opt/boxen/homebrew/Cellar/gobject-introspection/1.46.0_1/share/gir-1.0'
INTROSPECTION_LIBS='-L/opt/boxen/homebrew/Cellar/gobject-introspection/1.46.0_1/lib -L/opt/boxen/homebrew/Cellar/glib/2.46.2/lib -L/opt/boxen/homebrew/opt/gettext/lib -lgirepository-1.0 -lgobject-2.0 -lglib-2.0 -lintl'
INTROSPECTION_MAKEFILE='/opt/boxen/homebrew/Cellar/gobject-introspection/1.46.0_1/share/gobject-introspection-1.0/Makefile.introspection'
INTROSPECTION_SCANNER='/opt/boxen/homebrew/Cellar/gobject-introspection/1.46.0_1/bin/g-ir-scanner'
INTROSPECTION_TYPELIBDIR='/opt/boxen/homebrew/Cellar/gobject-introspection/1.46.0_1/lib/girepository-1.0'
LD='/Applications/Xcode.app/Contents/Developer/Toolchains/XcodeDefault.xctoolchain/usr/bin/ld'
LDFLAGS='-L/opt/boxen/homebrew/lib'
LIBNICE_CFLAGS='-DGLIB_VERSION_MIN_REQUIRED=GLIB_VERSION_2_44 -DGLIB_VERSION_MAX_ALLOWED=GLIB_VERSION_2_44 -fno-strict-aliasing -Wall -Wextra -Wundef -Wnested-externs -Wwrite-strings -Wpointer-arith -Wmissing-declarations -Wmissing-prototypes -Wstrict-prototypes -Wredundant-decls -Wno-unused-parameter -Wno-missing-field-initializers -Wdeclaration-after-statement -Wformat=2 -Wold-style-definition -Wcast-align -Wformat-nonliteral -Wformat-security -Wsign-compare -Wstrict-aliasing -Wshadow -Winline -Wpacked -Wmissing-format-attribute -Wmissing-noreturn -Winit-self -Wredundant-decls -Wmissing-include-dirs -Wunused-but-set-variable -Warray-bounds'
LIBNICE_LT_LDFLAGS='-version-info 16:2:6 -no-undefined'
LIBOBJS=''
LIBRT=''
LIBS=''
LIBTOOL='$(SHELL) $(top_builddir)/libtool'
LIPO='lipo'
LN_S='ln -s'
LTLIBOBJS=''
LT_SYS_LIBRARY_PATH=''
MAKEINFO='${SHELL} /Users/vk/dt/MyApplication/app/src/main/jni/libnice/missing makeinfo'
MANIFEST_TOOL=':'
MKDIR_P='./install-sh -c -d'
NICE_PACKAGES='glib-2.0 >= 2.44 gio-2.0 >= 2.44 gobject-2.0 >= 2.44 gthread-2.0'
NICE_PACKAGES_PRIVATE='gthread-2.0'
NICE_PACKAGES_PUBLIC='glib-2.0 >= 2.44 gio-2.0 >= 2.44 gobject-2.0 >= 2.44'
NM='/usr/bin/nm'
NMEDIT='nmedit'
OBJDUMP='false'
OBJEXT='o'
OTOOL64=':'
OTOOL='otool'
PACKAGE='libnice'
PACKAGE_BUGREPORT=''
PACKAGE_NAME='libnice'
PACKAGE_STRING='libnice 0.1.13.1'
PACKAGE_TARNAME='libnice'
PACKAGE_URL=''
PACKAGE_VERSION='0.1.13.1'
PATH_SEPARATOR=':'
PKG_CONFIG='/opt/boxen/homebrew/bin/pkg-config'
PKG_CONFIG_LIBDIR=''
PKG_CONFIG_PATH='/opt/boxen/homebrew/Cellar/libffi/3.0.13/lib/pkgconfig'
RANLIB='ranlib'
SED='/usr/bin/sed'
SET_MAKE=''
SHELL='/bin/sh'
STRIP='strip'
UPNP_ENABLED=''
VERSION='0.1.13.1'
WINDOWS_FALSE=''
WINDOWS_TRUE='#'
WITH_GSTREAMER010_FALSE=''
WITH_GSTREAMER010_TRUE='#'
WITH_GSTREAMER_FALSE='#'
WITH_GSTREAMER_TRUE=''
ac_ct_AR='ar'
ac_ct_CC='gcc'
ac_ct_DUMPBIN=''
am__EXEEXT_FALSE=''
am__EXEEXT_TRUE='#'
am__fastdepCC_FALSE='#'
am__fastdepCC_TRUE=''
am__include='include'
am__isrc=''
am__leading_dot='.'
am__nodep='_no'
am__quote=''
am__tar='$${TAR-tar} chof - "$$tardir"'
am__untar='$${TAR-tar} xf -'
bindir='${exec_prefix}/bin'
build='x86_64-apple-darwin14.5.0'
build_alias=''
build_cpu='x86_64'
build_os='darwin14.5.0'
build_vendor='apple'
datadir='${datarootdir}'
datarootdir='${prefix}/share'
docdir='${datarootdir}/doc/${PACKAGE_TARNAME}'
dvidir='${docdir}'
exec_prefix='${prefix}'
gstplugin010dir=''
gstplugindir='$(libdir)/gstreamer-1.0'
host='x86_64-apple-darwin14.5.0'
host_alias=''
host_cpu='x86_64'
host_os='darwin14.5.0'
host_vendor='apple'
htmldir='${docdir}'
includedir='${prefix}/include'
infodir='${datarootdir}/info'
install_sh='${SHELL} /Users/vk/dt/MyApplication/app/src/main/jni/libnice/install-sh'
libdir='${exec_prefix}/lib'
libexecdir='${exec_prefix}/libexec'
localedir='${datarootdir}/locale'
localstatedir='${prefix}/var'
mandir='${datarootdir}/man'
mkdir_p='$(MKDIR_P)'
oldincludedir='/usr/include'
pdfdir='${docdir}'
prefix='/usr/local'
program_transform_name='s,x,x,'
psdir='${docdir}'
sbindir='${exec_prefix}/sbin'
sharedstatedir='${prefix}/com'
sysconfdir='${prefix}/etc'
target='x86_64-apple-darwin14.5.0'
target_alias=''
target_cpu='x86_64'
target_os='darwin14.5.0'
target_vendor='apple'

## ----------- ##
## confdefs.h. ##
## ----------- ##

/* confdefs.h */
#define PACKAGE_NAME "libnice"
#define PACKAGE_TARNAME "libnice"
#define PACKAGE_VERSION "0.1.13.1"
#define PACKAGE_STRING "libnice 0.1.13.1"
#define PACKAGE_BUGREPORT ""
#define PACKAGE_URL ""
#define PACKAGE "libnice"
#define VERSION "0.1.13.1"
#define STDC_HEADERS 1
#define HAVE_SYS_TYPES_H 1
#define HAVE_SYS_STAT_H 1
#define HAVE_STDLIB_H 1
#define HAVE_STRING_H 1
#define HAVE_MEMORY_H 1
#define HAVE_STRINGS_H 1
#define HAVE_INTTYPES_H 1
#define HAVE_STDINT_H 1
#define HAVE_UNISTD_H 1
#define __EXTENSIONS__ 1
#define _ALL_SOURCE 1
#define _GNU_SOURCE 1
#define _POSIX_PTHREAD_SEMANTICS 1
#define _TANDEM_SOURCE 1
#define HAVE_DLFCN_H 1
#define LT_OBJDIR ".libs/"
#define restrict __restrict
#define HAVE_C_VARARRAYS 1
#define HAVE__BOOL 1
#define HAVE_STDBOOL_H 1
#define NICEAPI_EXPORT  
#define HAVE_ARPA_INET_H 1
#define HAVE_NETDB_H 1
#define HAVE_IFADDRS_H 1
#define HAVE_GETIFADDRS 1
#define HAVE_SIZE_T 1
#define HAVE_SSIZE_T 1
#define HAVE_POLL 1

configure: exit 0
